<?xml version="1.0" encoding="UTF-8"?>
<testsuite name="com.pilaf.cs.security.OAuth2TokenTest" time="0.008" tests="1" errors="1" skipped="0" failures="0">
  <properties>
    <property name="java.runtime.name" value="Java(TM) SE Runtime Environment"/>
    <property name="sun.boot.library.path" value="C:\Program Files\Java\jdk1.8.0_73\jre\bin"/>
    <property name="java.vm.version" value="25.73-b02"/>
    <property name="java.vm.vendor" value="Oracle Corporation"/>
    <property name="maven.multiModuleProjectDirectory" value="C:\Users\filip\castleSiegeFront\CSUsers"/>
    <property name="java.vendor.url" value="http://java.oracle.com/"/>
    <property name="path.separator" value=";"/>
    <property name="guice.disable.misplaced.annotation.check" value="true"/>
    <property name="java.vm.name" value="Java HotSpot(TM) 64-Bit Server VM"/>
    <property name="file.encoding.pkg" value="sun.io"/>
    <property name="user.script" value=""/>
    <property name="user.country" value="PL"/>
    <property name="sun.java.launcher" value="SUN_STANDARD"/>
    <property name="sun.os.patch.level" value=""/>
    <property name="java.vm.specification.name" value="Java Virtual Machine Specification"/>
    <property name="user.dir" value="C:\Users\filip\castleSiegeFront\CSUsers"/>
    <property name="java.runtime.version" value="1.8.0_73-b02"/>
    <property name="java.awt.graphicsenv" value="sun.awt.Win32GraphicsEnvironment"/>
    <property name="java.endorsed.dirs" value="C:\Program Files\Java\jdk1.8.0_73\jre\lib\endorsed"/>
    <property name="os.arch" value="amd64"/>
    <property name="java.io.tmpdir" value="C:\Users\filip\AppData\Local\Temp\"/>
    <property name="line.separator" value="&#10;"/>
    <property name="java.vm.specification.vendor" value="Oracle Corporation"/>
    <property name="user.variant" value=""/>
    <property name="os.name" value="Windows 10"/>
    <property name="classworlds.conf" value="C:\Users\filip\castleSiegeFront\.metadata\.plugins\org.eclipse.m2e.launching\launches\m2conf8053708716587546411.tmp"/>
    <property name="sun.jnu.encoding" value="Cp1250"/>
    <property name="java.library.path" value="C:\Program Files\Java\jdk1.8.0_73\bin;C:\WINDOWS\Sun\Java\bin;C:\WINDOWS\system32;C:\WINDOWS;C:/Program Files/Java/jdk1.8.0_73/bin/../jre/bin/server;C:/Program Files/Java/jdk1.8.0_73/bin/../jre/bin;C:/Program Files/Java/jdk1.8.0_73/bin/../jre/lib/amd64;C:\Program Files\Java\jdk1.8.0_73\bin;C:\WINDOWS\system32;C:\WINDOWS;C:\WINDOWS\System32\Wbem;C:\maven\apache-maven-3.3.9\bin;C:\Program Files\nodejs\;C:\Ruby22\bin;C:\Program Files\Git\cmd;C:\Users\filip\AppData\Roaming\npm;C:\WINDOWS\System32\WindowsPowerShell\v1.0\;C:\Program Files (x86)\GitExtensions\;C:\Program Files (x86)\scala\bin;%SCALA_HOME%\bin;C:\Program Files (x86)\Skype\Phone\;C:\Program Files (x86)\GtkSharp\2.12\bin;C:\Users\filip\AppData\Roaming\npm;C:\Users\filip\AppData\Local\Microsoft\WindowsApps;C:\Users\filip\AppData\Roaming\npm;;C:\prywatne\ide\eclipse;;."/>
    <property name="java.specification.name" value="Java Platform API Specification"/>
    <property name="java.class.version" value="52.0"/>
    <property name="sun.management.compiler" value="HotSpot 64-Bit Tiered Compilers"/>
    <property name="os.version" value="10.0"/>
    <property name="user.home" value="C:\Users\filip"/>
    <property name="user.timezone" value="Europe/Berlin"/>
    <property name="java.awt.printerjob" value="sun.awt.windows.WPrinterJob"/>
    <property name="java.specification.version" value="1.8"/>
    <property name="file.encoding" value="Cp1250"/>
    <property name="user.name" value="filip"/>
    <property name="java.class.path" value="/C:/prywatne/ide/eclipse/plugins/org.eclipse.m2e.maven.runtime_1.7.0.20160603-1931/jars/plexus-classworlds-2.5.2.jar"/>
    <property name="java.vm.specification.version" value="1.8"/>
    <property name="sun.arch.data.model" value="64"/>
    <property name="java.home" value="C:\Program Files\Java\jdk1.8.0_73\jre"/>
    <property name="sun.java.command" value="org.codehaus.plexus.classworlds.launcher.Launcher -B clean install"/>
    <property name="java.specification.vendor" value="Oracle Corporation"/>
    <property name="user.language" value="pl"/>
    <property name="awt.toolkit" value="sun.awt.windows.WToolkit"/>
    <property name="java.vm.info" value="mixed mode"/>
    <property name="java.version" value="1.8.0_73"/>
    <property name="java.ext.dirs" value="C:\Program Files\Java\jdk1.8.0_73\jre\lib\ext;C:\WINDOWS\Sun\Java\lib\ext"/>
    <property name="sun.boot.class.path" value="C:\Program Files\Java\jdk1.8.0_73\jre\lib\resources.jar;C:\Program Files\Java\jdk1.8.0_73\jre\lib\rt.jar;C:\Program Files\Java\jdk1.8.0_73\jre\lib\sunrsasign.jar;C:\Program Files\Java\jdk1.8.0_73\jre\lib\jsse.jar;C:\Program Files\Java\jdk1.8.0_73\jre\lib\jce.jar;C:\Program Files\Java\jdk1.8.0_73\jre\lib\charsets.jar;C:\Program Files\Java\jdk1.8.0_73\jre\lib\jfr.jar;C:\Program Files\Java\jdk1.8.0_73\jre\classes"/>
    <property name="java.vendor" value="Oracle Corporation"/>
    <property name="maven.home" value="C:\Users\filip\castleSiegeFront\CSUsers\EMBEDDED"/>
    <property name="file.separator" value="\"/>
    <property name="java.vendor.url.bug" value="http://bugreport.sun.com/bugreport/"/>
    <property name="sun.cpu.endian" value="little"/>
    <property name="sun.io.unicode.encoding" value="UnicodeLittle"/>
    <property name="sun.desktop" value="windows"/>
    <property name="sun.cpu.isalist" value="amd64"/>
  </properties>
  <testcase name="initializationError" classname="com.pilaf.cs.security.OAuth2TokenTest" time="0.008">
    <error message="Unable to find a @SpringBootConfiguration, you need to use @ContextConfiguration or @SpringBootTest(classes=...) with your test" type="java.lang.IllegalStateException"><![CDATA[java.lang.IllegalStateException: Unable to find a @SpringBootConfiguration, you need to use @ContextConfiguration or @SpringBootTest(classes=...) with your test
	at org.springframework.util.Assert.state(Assert.java:70)
	at org.springframework.boot.test.context.SpringBootTestContextBootstrapper.getOrFindConfigurationClasses(SpringBootTestContextBootstrapper.java:202)
	at org.springframework.boot.test.context.SpringBootTestContextBootstrapper.processMergedContextConfiguration(SpringBootTestContextBootstrapper.java:137)
	at org.springframework.test.context.support.AbstractTestContextBootstrapper.buildMergedContextConfiguration(AbstractTestContextBootstrapper.java:409)
	at org.springframework.test.context.support.AbstractTestContextBootstrapper.buildDefaultMergedContextConfiguration(AbstractTestContextBootstrapper.java:323)
	at org.springframework.test.context.support.AbstractTestContextBootstrapper.buildMergedContextConfiguration(AbstractTestContextBootstrapper.java:277)
	at org.springframework.test.context.support.AbstractTestContextBootstrapper.buildTestContext(AbstractTestContextBootstrapper.java:112)
	at org.springframework.boot.test.context.SpringBootTestContextBootstrapper.buildTestContext(SpringBootTestContextBootstrapper.java:82)
	at org.springframework.test.context.TestContextManager.<init>(TestContextManager.java:120)
	at org.springframework.test.context.TestContextManager.<init>(TestContextManager.java:105)
	at org.springframework.test.context.junit4.SpringJUnit4ClassRunner.createTestContextManager(SpringJUnit4ClassRunner.java:152)
	at org.springframework.test.context.junit4.SpringJUnit4ClassRunner.<init>(SpringJUnit4ClassRunner.java:143)
	at org.springframework.test.context.junit4.SpringRunner.<init>(SpringRunner.java:49)
	at sun.reflect.NativeConstructorAccessorImpl.newInstance0(Native Method)
	at sun.reflect.NativeConstructorAccessorImpl.newInstance(NativeConstructorAccessorImpl.java:62)
	at sun.reflect.DelegatingConstructorAccessorImpl.newInstance(DelegatingConstructorAccessorImpl.java:45)
	at java.lang.reflect.Constructor.newInstance(Constructor.java:422)
	at org.junit.internal.builders.AnnotatedBuilder.buildRunner(AnnotatedBuilder.java:104)
	at org.junit.internal.builders.AnnotatedBuilder.runnerForClass(AnnotatedBuilder.java:86)
	at org.junit.runners.model.RunnerBuilder.safeRunnerForClass(RunnerBuilder.java:59)
	at org.junit.internal.builders.AllDefaultPossibilitiesBuilder.runnerForClass(AllDefaultPossibilitiesBuilder.java:26)
	at org.junit.runners.model.RunnerBuilder.safeRunnerForClass(RunnerBuilder.java:59)
	at org.junit.internal.requests.ClassRequest.getRunner(ClassRequest.java:33)
	at org.apache.maven.surefire.junit4.JUnit4Provider.execute(JUnit4Provider.java:283)
	at org.apache.maven.surefire.junit4.JUnit4Provider.executeWithRerun(JUnit4Provider.java:173)
	at org.apache.maven.surefire.junit4.JUnit4Provider.executeTestSet(JUnit4Provider.java:153)
	at org.apache.maven.surefire.junit4.JUnit4Provider.invoke(JUnit4Provider.java:128)
	at org.apache.maven.surefire.booter.ForkedBooter.invokeProviderInSameClassLoader(ForkedBooter.java:203)
	at org.apache.maven.surefire.booter.ForkedBooter.runSuitesInProcess(ForkedBooter.java:155)
	at org.apache.maven.surefire.booter.ForkedBooter.main(ForkedBooter.java:103)
]]></error>
    <system-out><![CDATA[19:04:19.325 [main] DEBUG org.springframework.test.context.junit4.SpringJUnit4ClassRunner - SpringJUnit4ClassRunner constructor called with [class com.pilaf.cs.security.OAuth2TokenTest]
19:04:19.331 [main] DEBUG org.springframework.test.context.BootstrapUtils - Instantiating CacheAwareContextLoaderDelegate from class [org.springframework.test.context.cache.DefaultCacheAwareContextLoaderDelegate]
19:04:19.339 [main] DEBUG org.springframework.test.context.BootstrapUtils - Instantiating BootstrapContext using constructor [public org.springframework.test.context.support.DefaultBootstrapContext(java.lang.Class,org.springframework.test.context.CacheAwareContextLoaderDelegate)]
19:04:19.351 [main] DEBUG org.springframework.test.context.BootstrapUtils - Instantiating TestContextBootstrapper for test class [com.pilaf.cs.security.OAuth2TokenTest] from class [org.springframework.boot.test.context.SpringBootTestContextBootstrapper]
19:04:19.367 [main] INFO org.springframework.boot.test.context.SpringBootTestContextBootstrapper - Neither @ContextConfiguration nor @ContextHierarchy found for test class [com.pilaf.cs.security.OAuth2TokenTest], using SpringBootContextLoader
19:04:19.370 [main] DEBUG org.springframework.test.context.support.AbstractContextLoader - Did not detect default resource location for test class [com.pilaf.cs.security.OAuth2TokenTest]: class path resource [com/pilaf/cs/security/OAuth2TokenTest-context.xml] does not exist
19:04:19.371 [main] DEBUG org.springframework.test.context.support.AbstractContextLoader - Did not detect default resource location for test class [com.pilaf.cs.security.OAuth2TokenTest]: class path resource [com/pilaf/cs/security/OAuth2TokenTestContext.groovy] does not exist
19:04:19.371 [main] INFO org.springframework.test.context.support.AbstractContextLoader - Could not detect default resource locations for test class [com.pilaf.cs.security.OAuth2TokenTest]: no resource found for suffixes {-context.xml, Context.groovy}.
19:04:19.371 [main] INFO org.springframework.test.context.support.AnnotationConfigContextLoaderUtils - Could not detect default configuration classes for test class [com.pilaf.cs.security.OAuth2TokenTest]: OAuth2TokenTest does not declare any static, non-private, non-final, nested classes annotated with @Configuration.
19:04:19.410 [main] DEBUG org.springframework.test.context.support.ActiveProfilesUtils - Could not find an 'annotation declaring class' for annotation type [org.springframework.test.context.ActiveProfiles] and class [com.pilaf.cs.security.OAuth2TokenTest]
19:04:19.417 [main] DEBUG org.springframework.core.env.StandardEnvironment - Adding [systemProperties] PropertySource with lowest search precedence
19:04:19.417 [main] DEBUG org.springframework.core.env.StandardEnvironment - Adding [systemEnvironment] PropertySource with lowest search precedence
19:04:19.417 [main] DEBUG org.springframework.core.env.StandardEnvironment - Initialized StandardEnvironment with PropertySources [systemProperties,systemEnvironment]
19:04:19.425 [main] DEBUG org.springframework.core.io.support.PathMatchingResourcePatternResolver - Resolved classpath location [com/pilaf/cs/security/] to resources [URL [file:/C:/Users/filip/castleSiegeFront/CSUsers/target/test-classes/com/pilaf/cs/security/]]
19:04:19.425 [main] DEBUG org.springframework.core.io.support.PathMatchingResourcePatternResolver - Looking for matching resources in directory tree [C:\Users\filip\castleSiegeFront\CSUsers\target\test-classes\com\pilaf\cs\security]
19:04:19.425 [main] DEBUG org.springframework.core.io.support.PathMatchingResourcePatternResolver - Searching directory [C:\Users\filip\castleSiegeFront\CSUsers\target\test-classes\com\pilaf\cs\security] for files matching pattern [C:/Users/filip/castleSiegeFront/CSUsers/target/test-classes/com/pilaf/cs/security/*.class]
19:04:19.428 [main] DEBUG org.springframework.core.io.support.PathMatchingResourcePatternResolver - Resolved location pattern [classpath*:com/pilaf/cs/security/*.class] to resources [file [C:\Users\filip\castleSiegeFront\CSUsers\target\test-classes\com\pilaf\cs\security\OAuth2TokenTest.class]]
19:04:19.442 [main] DEBUG org.springframework.core.io.support.PathMatchingResourcePatternResolver - Resolved classpath location [com/pilaf/cs/] to resources [URL [file:/C:/Users/filip/castleSiegeFront/CSUsers/target/test-classes/com/pilaf/cs/], URL [file:/C:/Users/filip/castleSiegeFront/CSUsers/target/classes/com/pilaf/cs/]]
19:04:19.442 [main] DEBUG org.springframework.core.io.support.PathMatchingResourcePatternResolver - Looking for matching resources in directory tree [C:\Users\filip\castleSiegeFront\CSUsers\target\test-classes\com\pilaf\cs]
19:04:19.442 [main] DEBUG org.springframework.core.io.support.PathMatchingResourcePatternResolver - Searching directory [C:\Users\filip\castleSiegeFront\CSUsers\target\test-classes\com\pilaf\cs] for files matching pattern [C:/Users/filip/castleSiegeFront/CSUsers/target/test-classes/com/pilaf/cs/*.class]
19:04:19.443 [main] DEBUG org.springframework.core.io.support.PathMatchingResourcePatternResolver - Looking for matching resources in directory tree [C:\Users\filip\castleSiegeFront\CSUsers\target\classes\com\pilaf\cs]
19:04:19.443 [main] DEBUG org.springframework.core.io.support.PathMatchingResourcePatternResolver - Searching directory [C:\Users\filip\castleSiegeFront\CSUsers\target\classes\com\pilaf\cs] for files matching pattern [C:/Users/filip/castleSiegeFront/CSUsers/target/classes/com/pilaf/cs/*.class]
19:04:19.443 [main] DEBUG org.springframework.core.io.support.PathMatchingResourcePatternResolver - Resolved location pattern [classpath*:com/pilaf/cs/*.class] to resources []
19:04:19.444 [main] DEBUG org.springframework.core.io.support.PathMatchingResourcePatternResolver - Resolved classpath location [com/pilaf/] to resources [URL [file:/C:/Users/filip/castleSiegeFront/CSUsers/target/test-classes/com/pilaf/], URL [file:/C:/Users/filip/castleSiegeFront/CSUsers/target/classes/com/pilaf/]]
19:04:19.444 [main] DEBUG org.springframework.core.io.support.PathMatchingResourcePatternResolver - Looking for matching resources in directory tree [C:\Users\filip\castleSiegeFront\CSUsers\target\test-classes\com\pilaf]
19:04:19.444 [main] DEBUG org.springframework.core.io.support.PathMatchingResourcePatternResolver - Searching directory [C:\Users\filip\castleSiegeFront\CSUsers\target\test-classes\com\pilaf] for files matching pattern [C:/Users/filip/castleSiegeFront/CSUsers/target/test-classes/com/pilaf/*.class]
19:04:19.445 [main] DEBUG org.springframework.core.io.support.PathMatchingResourcePatternResolver - Looking for matching resources in directory tree [C:\Users\filip\castleSiegeFront\CSUsers\target\classes\com\pilaf]
19:04:19.445 [main] DEBUG org.springframework.core.io.support.PathMatchingResourcePatternResolver - Searching directory [C:\Users\filip\castleSiegeFront\CSUsers\target\classes\com\pilaf] for files matching pattern [C:/Users/filip/castleSiegeFront/CSUsers/target/classes/com/pilaf/*.class]
19:04:19.445 [main] DEBUG org.springframework.core.io.support.PathMatchingResourcePatternResolver - Resolved location pattern [classpath*:com/pilaf/*.class] to resources []
19:04:19.448 [main] DEBUG org.springframework.core.io.support.PathMatchingResourcePatternResolver - Resolved classpath location [com/] to resources [URL [file:/C:/Users/filip/castleSiegeFront/CSUsers/target/test-classes/com/], URL [file:/C:/Users/filip/castleSiegeFront/CSUsers/target/classes/com/], URL [jar:file:/C:/Users/filip/.m2/repository/com/fasterxml/classmate/1.3.3/classmate-1.3.3.jar!/com/], URL [jar:file:/C:/Users/filip/.m2/repository/com/jayway/jsonpath/json-path/2.2.0/json-path-2.2.0.jar!/com/], URL [jar:file:/C:/Users/filip/.m2/repository/com/fasterxml/jackson/core/jackson-core/2.8.9/jackson-core-2.8.9.jar!/com/], URL [jar:file:/C:/Users/filip/.m2/repository/com/fasterxml/jackson/core/jackson-databind/2.8.9/jackson-databind-2.8.9.jar!/com/], URL [jar:file:/C:/Users/filip/.m2/repository/com/fasterxml/jackson/core/jackson-annotations/2.8.0/jackson-annotations-2.8.0.jar!/com/], URL [jar:file:/C:/Users/filip/.m2/repository/com/google/guava/guava/18.0/guava-18.0.jar!/com/], URL [jar:file:/C:/Users/filip/.m2/repository/com/netflix/eureka/eureka-client/1.6.2/eureka-client-1.6.2.jar!/com/], URL [jar:file:/C:/Users/filip/.m2/repository/com/netflix/netflix-commons/netflix-eventbus/0.3.0/netflix-eventbus-0.3.0.jar!/com/], URL [jar:file:/C:/Users/filip/.m2/repository/com/netflix/netflix-commons/netflix-infix/0.3.0/netflix-infix-0.3.0.jar!/com/], URL [jar:file:/C:/Users/filip/.m2/repository/com/google/code/gson/gson/2.8.1/gson-2.8.1.jar!/com/], URL [jar:file:/C:/Users/filip/.m2/repository/com/netflix/archaius/archaius-core/0.7.4/archaius-core-0.7.4.jar!/com/], URL [jar:file:/C:/Users/filip/.m2/repository/com/netflix/servo/servo-core/0.10.1/servo-core-0.10.1.jar!/com/], URL [jar:file:/C:/Users/filip/.m2/repository/com/netflix/servo/servo-internal/0.10.1/servo-internal-0.10.1.jar!/com/], URL [jar:file:/C:/Users/filip/.m2/repository/com/sun/jersey/jersey-core/1.19.1/jersey-core-1.19.1.jar!/com/], URL [jar:file:/C:/Users/filip/.m2/repository/com/sun/jersey/jersey-client/1.19.1/jersey-client-1.19.1.jar!/com/], URL [jar:file:/C:/Users/filip/.m2/repository/com/sun/jersey/contribs/jersey-apache-client4/1.19.1/jersey-apache-client4-1.19.1.jar!/com/], URL [jar:file:/C:/Users/filip/.m2/repository/com/google/inject/guice/4.1.0/guice-4.1.0.jar!/com/], URL [jar:file:/C:/Users/filip/.m2/repository/com/netflix/eureka/eureka-core/1.6.2/eureka-core-1.6.2.jar!/com/], URL [jar:file:/C:/Users/filip/.m2/repository/org/codehaus/woodstox/woodstox-core-asl/4.4.1/woodstox-core-asl-4.4.1.jar!/com/], URL [jar:file:/C:/Users/filip/.m2/repository/com/netflix/ribbon/ribbon/2.2.2/ribbon-2.2.2.jar!/com/], URL [jar:file:/C:/Users/filip/.m2/repository/com/netflix/ribbon/ribbon-transport/2.2.2/ribbon-transport-2.2.2.jar!/com/], URL [jar:file:/C:/Users/filip/.m2/repository/io/reactivex/rxnetty-contexts/0.4.9/rxnetty-contexts-0.4.9.jar!/com/], URL [jar:file:/C:/Users/filip/.m2/repository/com/netflix/ribbon/ribbon-core/2.2.2/ribbon-core-2.2.2.jar!/com/], URL [jar:file:/C:/Users/filip/.m2/repository/com/netflix/ribbon/ribbon-httpclient/2.2.2/ribbon-httpclient-2.2.2.jar!/com/], URL [jar:file:/C:/Users/filip/.m2/repository/com/netflix/netflix-commons/netflix-commons-util/0.1.1/netflix-commons-util-0.1.1.jar!/com/], URL [jar:file:/C:/Users/filip/.m2/repository/com/netflix/ribbon/ribbon-loadbalancer/2.2.2/ribbon-loadbalancer-2.2.2.jar!/com/], URL [jar:file:/C:/Users/filip/.m2/repository/com/netflix/netflix-commons/netflix-statistics/0.1.1/netflix-statistics-0.1.1.jar!/com/], URL [jar:file:/C:/Users/filip/.m2/repository/com/netflix/ribbon/ribbon-eureka/2.2.2/ribbon-eureka-2.2.2.jar!/com/], URL [jar:file:/C:/Users/filip/.m2/repository/com/thoughtworks/xstream/xstream/1.4.9/xstream-1.4.9.jar!/com/], URL [jar:file:/C:/Users/filip/.m2/repository/com/netflix/hystrix/hystrix-core/1.5.12/hystrix-core-1.5.12.jar!/com/]]
19:04:19.448 [main] DEBUG org.springframework.core.io.support.PathMatchingResourcePatternResolver - Looking for matching resources in directory tree [C:\Users\filip\castleSiegeFront\CSUsers\target\test-classes\com]
19:04:19.449 [main] DEBUG org.springframework.core.io.support.PathMatchingResourcePatternResolver - Searching directory [C:\Users\filip\castleSiegeFront\CSUsers\target\test-classes\com] for files matching pattern [C:/Users/filip/castleSiegeFront/CSUsers/target/test-classes/com/*.class]
19:04:19.450 [main] DEBUG org.springframework.core.io.support.PathMatchingResourcePatternResolver - Looking for matching resources in directory tree [C:\Users\filip\castleSiegeFront\CSUsers\target\classes\com]
19:04:19.450 [main] DEBUG org.springframework.core.io.support.PathMatchingResourcePatternResolver - Searching directory [C:\Users\filip\castleSiegeFront\CSUsers\target\classes\com] for files matching pattern [C:/Users/filip/castleSiegeFront/CSUsers/target/classes/com/*.class]
19:04:19.451 [main] DEBUG org.springframework.core.io.support.PathMatchingResourcePatternResolver - Looking for matching resources in jar file [file:/C:/Users/filip/.m2/repository/com/fasterxml/classmate/1.3.3/classmate-1.3.3.jar]
19:04:19.452 [main] DEBUG org.springframework.core.io.support.PathMatchingResourcePatternResolver - Looking for matching resources in jar file [file:/C:/Users/filip/.m2/repository/com/jayway/jsonpath/json-path/2.2.0/json-path-2.2.0.jar]
19:04:19.454 [main] DEBUG org.springframework.core.io.support.PathMatchingResourcePatternResolver - Looking for matching resources in jar file [file:/C:/Users/filip/.m2/repository/com/fasterxml/jackson/core/jackson-core/2.8.9/jackson-core-2.8.9.jar]
19:04:19.456 [main] DEBUG org.springframework.core.io.support.PathMatchingResourcePatternResolver - Looking for matching resources in jar file [file:/C:/Users/filip/.m2/repository/com/fasterxml/jackson/core/jackson-databind/2.8.9/jackson-databind-2.8.9.jar]
19:04:19.461 [main] DEBUG org.springframework.core.io.support.PathMatchingResourcePatternResolver - Looking for matching resources in jar file [file:/C:/Users/filip/.m2/repository/com/fasterxml/jackson/core/jackson-annotations/2.8.0/jackson-annotations-2.8.0.jar]
19:04:19.462 [main] DEBUG org.springframework.core.io.support.PathMatchingResourcePatternResolver - Looking for matching resources in jar file [file:/C:/Users/filip/.m2/repository/com/google/guava/guava/18.0/guava-18.0.jar]
19:04:19.467 [main] DEBUG org.springframework.core.io.support.PathMatchingResourcePatternResolver - Looking for matching resources in jar file [file:/C:/Users/filip/.m2/repository/com/netflix/eureka/eureka-client/1.6.2/eureka-client-1.6.2.jar]
19:04:19.469 [main] DEBUG org.springframework.core.io.support.PathMatchingResourcePatternResolver - Looking for matching resources in jar file [file:/C:/Users/filip/.m2/repository/com/netflix/netflix-commons/netflix-eventbus/0.3.0/netflix-eventbus-0.3.0.jar]
19:04:19.469 [main] DEBUG org.springframework.core.io.support.PathMatchingResourcePatternResolver - Looking for matching resources in jar file [file:/C:/Users/filip/.m2/repository/com/netflix/netflix-commons/netflix-infix/0.3.0/netflix-infix-0.3.0.jar]
19:04:19.470 [main] DEBUG org.springframework.core.io.support.PathMatchingResourcePatternResolver - Looking for matching resources in jar file [file:/C:/Users/filip/.m2/repository/com/google/code/gson/gson/2.8.1/gson-2.8.1.jar]
19:04:19.471 [main] DEBUG org.springframework.core.io.support.PathMatchingResourcePatternResolver - Looking for matching resources in jar file [file:/C:/Users/filip/.m2/repository/com/netflix/archaius/archaius-core/0.7.4/archaius-core-0.7.4.jar]
19:04:19.471 [main] DEBUG org.springframework.core.io.support.PathMatchingResourcePatternResolver - Looking for matching resources in jar file [file:/C:/Users/filip/.m2/repository/com/netflix/servo/servo-core/0.10.1/servo-core-0.10.1.jar]
19:04:19.472 [main] DEBUG org.springframework.core.io.support.PathMatchingResourcePatternResolver - Looking for matching resources in jar file [file:/C:/Users/filip/.m2/repository/com/netflix/servo/servo-internal/0.10.1/servo-internal-0.10.1.jar]
19:04:19.472 [main] DEBUG org.springframework.core.io.support.PathMatchingResourcePatternResolver - Looking for matching resources in jar file [file:/C:/Users/filip/.m2/repository/com/sun/jersey/jersey-core/1.19.1/jersey-core-1.19.1.jar]
19:04:19.474 [main] DEBUG org.springframework.core.io.support.PathMatchingResourcePatternResolver - Looking for matching resources in jar file [file:/C:/Users/filip/.m2/repository/com/sun/jersey/jersey-client/1.19.1/jersey-client-1.19.1.jar]
19:04:19.474 [main] DEBUG org.springframework.core.io.support.PathMatchingResourcePatternResolver - Looking for matching resources in jar file [file:/C:/Users/filip/.m2/repository/com/sun/jersey/contribs/jersey-apache-client4/1.19.1/jersey-apache-client4-1.19.1.jar]
19:04:19.474 [main] DEBUG org.springframework.core.io.support.PathMatchingResourcePatternResolver - Looking for matching resources in jar file [file:/C:/Users/filip/.m2/repository/com/google/inject/guice/4.1.0/guice-4.1.0.jar]
19:04:19.476 [main] DEBUG org.springframework.core.io.support.PathMatchingResourcePatternResolver - Looking for matching resources in jar file [file:/C:/Users/filip/.m2/repository/com/netflix/eureka/eureka-core/1.6.2/eureka-core-1.6.2.jar]
19:04:19.477 [main] DEBUG org.springframework.core.io.support.PathMatchingResourcePatternResolver - Looking for matching resources in jar file [file:/C:/Users/filip/.m2/repository/org/codehaus/woodstox/woodstox-core-asl/4.4.1/woodstox-core-asl-4.4.1.jar]
19:04:19.477 [main] DEBUG org.springframework.core.io.support.PathMatchingResourcePatternResolver - Looking for matching resources in jar file [file:/C:/Users/filip/.m2/repository/com/netflix/ribbon/ribbon/2.2.2/ribbon-2.2.2.jar]
19:04:19.478 [main] DEBUG org.springframework.core.io.support.PathMatchingResourcePatternResolver - Looking for matching resources in jar file [file:/C:/Users/filip/.m2/repository/com/netflix/ribbon/ribbon-transport/2.2.2/ribbon-transport-2.2.2.jar]
19:04:19.479 [main] DEBUG org.springframework.core.io.support.PathMatchingResourcePatternResolver - Looking for matching resources in jar file [file:/C:/Users/filip/.m2/repository/io/reactivex/rxnetty-contexts/0.4.9/rxnetty-contexts-0.4.9.jar]
19:04:19.479 [main] DEBUG org.springframework.core.io.support.PathMatchingResourcePatternResolver - Looking for matching resources in jar file [file:/C:/Users/filip/.m2/repository/com/netflix/ribbon/ribbon-core/2.2.2/ribbon-core-2.2.2.jar]
19:04:19.480 [main] DEBUG org.springframework.core.io.support.PathMatchingResourcePatternResolver - Looking for matching resources in jar file [file:/C:/Users/filip/.m2/repository/com/netflix/ribbon/ribbon-httpclient/2.2.2/ribbon-httpclient-2.2.2.jar]
19:04:19.481 [main] DEBUG org.springframework.core.io.support.PathMatchingResourcePatternResolver - Looking for matching resources in jar file [file:/C:/Users/filip/.m2/repository/com/netflix/netflix-commons/netflix-commons-util/0.1.1/netflix-commons-util-0.1.1.jar]
19:04:19.481 [main] DEBUG org.springframework.core.io.support.PathMatchingResourcePatternResolver - Looking for matching resources in jar file [file:/C:/Users/filip/.m2/repository/com/netflix/ribbon/ribbon-loadbalancer/2.2.2/ribbon-loadbalancer-2.2.2.jar]
19:04:19.482 [main] DEBUG org.springframework.core.io.support.PathMatchingResourcePatternResolver - Looking for matching resources in jar file [file:/C:/Users/filip/.m2/repository/com/netflix/netflix-commons/netflix-statistics/0.1.1/netflix-statistics-0.1.1.jar]
19:04:19.482 [main] DEBUG org.springframework.core.io.support.PathMatchingResourcePatternResolver - Looking for matching resources in jar file [file:/C:/Users/filip/.m2/repository/com/netflix/ribbon/ribbon-eureka/2.2.2/ribbon-eureka-2.2.2.jar]
19:04:19.483 [main] DEBUG org.springframework.core.io.support.PathMatchingResourcePatternResolver - Looking for matching resources in jar file [file:/C:/Users/filip/.m2/repository/com/thoughtworks/xstream/xstream/1.4.9/xstream-1.4.9.jar]
19:04:19.484 [main] DEBUG org.springframework.core.io.support.PathMatchingResourcePatternResolver - Looking for matching resources in jar file [file:/C:/Users/filip/.m2/repository/com/netflix/hystrix/hystrix-core/1.5.12/hystrix-core-1.5.12.jar]
19:04:19.485 [main] DEBUG org.springframework.core.io.support.PathMatchingResourcePatternResolver - Resolved location pattern [classpath*:com/*.class] to resources []
19:04:19.489 [main] DEBUG org.springframework.test.context.junit4.SpringJUnit4ClassRunner - SpringJUnit4ClassRunner constructor called with [class com.pilaf.cs.security.OAuth2TokenTest]
19:04:19.489 [main] DEBUG org.springframework.test.context.BootstrapUtils - Instantiating CacheAwareContextLoaderDelegate from class [org.springframework.test.context.cache.DefaultCacheAwareContextLoaderDelegate]
19:04:19.490 [main] DEBUG org.springframework.test.context.BootstrapUtils - Instantiating BootstrapContext using constructor [public org.springframework.test.context.support.DefaultBootstrapContext(java.lang.Class,org.springframework.test.context.CacheAwareContextLoaderDelegate)]
19:04:19.490 [main] DEBUG org.springframework.test.context.BootstrapUtils - Instantiating TestContextBootstrapper for test class [com.pilaf.cs.security.OAuth2TokenTest] from class [org.springframework.boot.test.context.SpringBootTestContextBootstrapper]
19:04:19.491 [main] INFO org.springframework.boot.test.context.SpringBootTestContextBootstrapper - Neither @ContextConfiguration nor @ContextHierarchy found for test class [com.pilaf.cs.security.OAuth2TokenTest], using SpringBootContextLoader
19:04:19.492 [main] DEBUG org.springframework.test.context.support.AbstractContextLoader - Did not detect default resource location for test class [com.pilaf.cs.security.OAuth2TokenTest]: class path resource [com/pilaf/cs/security/OAuth2TokenTest-context.xml] does not exist
19:04:19.493 [main] DEBUG org.springframework.test.context.support.AbstractContextLoader - Did not detect default resource location for test class [com.pilaf.cs.security.OAuth2TokenTest]: class path resource [com/pilaf/cs/security/OAuth2TokenTestContext.groovy] does not exist
19:04:19.493 [main] INFO org.springframework.test.context.support.AbstractContextLoader - Could not detect default resource locations for test class [com.pilaf.cs.security.OAuth2TokenTest]: no resource found for suffixes {-context.xml, Context.groovy}.
19:04:19.493 [main] INFO org.springframework.test.context.support.AnnotationConfigContextLoaderUtils - Could not detect default configuration classes for test class [com.pilaf.cs.security.OAuth2TokenTest]: OAuth2TokenTest does not declare any static, non-private, non-final, nested classes annotated with @Configuration.
19:04:19.503 [main] DEBUG org.springframework.test.context.support.ActiveProfilesUtils - Could not find an 'annotation declaring class' for annotation type [org.springframework.test.context.ActiveProfiles] and class [com.pilaf.cs.security.OAuth2TokenTest]
19:04:19.503 [main] DEBUG org.springframework.core.env.StandardEnvironment - Adding [systemProperties] PropertySource with lowest search precedence
19:04:19.503 [main] DEBUG org.springframework.core.env.StandardEnvironment - Adding [systemEnvironment] PropertySource with lowest search precedence
19:04:19.503 [main] DEBUG org.springframework.core.env.StandardEnvironment - Initialized StandardEnvironment with PropertySources [systemProperties,systemEnvironment]
19:04:19.504 [main] DEBUG org.springframework.core.io.support.PathMatchingResourcePatternResolver - Resolved classpath location [com/pilaf/cs/security/] to resources [URL [file:/C:/Users/filip/castleSiegeFront/CSUsers/target/test-classes/com/pilaf/cs/security/]]
19:04:19.504 [main] DEBUG org.springframework.core.io.support.PathMatchingResourcePatternResolver - Looking for matching resources in directory tree [C:\Users\filip\castleSiegeFront\CSUsers\target\test-classes\com\pilaf\cs\security]
19:04:19.504 [main] DEBUG org.springframework.core.io.support.PathMatchingResourcePatternResolver - Searching directory [C:\Users\filip\castleSiegeFront\CSUsers\target\test-classes\com\pilaf\cs\security] for files matching pattern [C:/Users/filip/castleSiegeFront/CSUsers/target/test-classes/com/pilaf/cs/security/*.class]
19:04:19.505 [main] DEBUG org.springframework.core.io.support.PathMatchingResourcePatternResolver - Resolved location pattern [classpath*:com/pilaf/cs/security/*.class] to resources [file [C:\Users\filip\castleSiegeFront\CSUsers\target\test-classes\com\pilaf\cs\security\OAuth2TokenTest.class]]
19:04:19.507 [main] DEBUG org.springframework.core.io.support.PathMatchingResourcePatternResolver - Resolved classpath location [com/pilaf/cs/] to resources [URL [file:/C:/Users/filip/castleSiegeFront/CSUsers/target/test-classes/com/pilaf/cs/], URL [file:/C:/Users/filip/castleSiegeFront/CSUsers/target/classes/com/pilaf/cs/]]
19:04:19.507 [main] DEBUG org.springframework.core.io.support.PathMatchingResourcePatternResolver - Looking for matching resources in directory tree [C:\Users\filip\castleSiegeFront\CSUsers\target\test-classes\com\pilaf\cs]
19:04:19.508 [main] DEBUG org.springframework.core.io.support.PathMatchingResourcePatternResolver - Searching directory [C:\Users\filip\castleSiegeFront\CSUsers\target\test-classes\com\pilaf\cs] for files matching pattern [C:/Users/filip/castleSiegeFront/CSUsers/target/test-classes/com/pilaf/cs/*.class]
19:04:19.508 [main] DEBUG org.springframework.core.io.support.PathMatchingResourcePatternResolver - Looking for matching resources in directory tree [C:\Users\filip\castleSiegeFront\CSUsers\target\classes\com\pilaf\cs]
19:04:19.509 [main] DEBUG org.springframework.core.io.support.PathMatchingResourcePatternResolver - Searching directory [C:\Users\filip\castleSiegeFront\CSUsers\target\classes\com\pilaf\cs] for files matching pattern [C:/Users/filip/castleSiegeFront/CSUsers/target/classes/com/pilaf/cs/*.class]
19:04:19.509 [main] DEBUG org.springframework.core.io.support.PathMatchingResourcePatternResolver - Resolved location pattern [classpath*:com/pilaf/cs/*.class] to resources []
19:04:19.510 [main] DEBUG org.springframework.core.io.support.PathMatchingResourcePatternResolver - Resolved classpath location [com/pilaf/] to resources [URL [file:/C:/Users/filip/castleSiegeFront/CSUsers/target/test-classes/com/pilaf/], URL [file:/C:/Users/filip/castleSiegeFront/CSUsers/target/classes/com/pilaf/]]
19:04:19.510 [main] DEBUG org.springframework.core.io.support.PathMatchingResourcePatternResolver - Looking for matching resources in directory tree [C:\Users\filip\castleSiegeFront\CSUsers\target\test-classes\com\pilaf]
19:04:19.510 [main] DEBUG org.springframework.core.io.support.PathMatchingResourcePatternResolver - Searching directory [C:\Users\filip\castleSiegeFront\CSUsers\target\test-classes\com\pilaf] for files matching pattern [C:/Users/filip/castleSiegeFront/CSUsers/target/test-classes/com/pilaf/*.class]
19:04:19.511 [main] DEBUG org.springframework.core.io.support.PathMatchingResourcePatternResolver - Looking for matching resources in directory tree [C:\Users\filip\castleSiegeFront\CSUsers\target\classes\com\pilaf]
19:04:19.511 [main] DEBUG org.springframework.core.io.support.PathMatchingResourcePatternResolver - Searching directory [C:\Users\filip\castleSiegeFront\CSUsers\target\classes\com\pilaf] for files matching pattern [C:/Users/filip/castleSiegeFront/CSUsers/target/classes/com/pilaf/*.class]
19:04:19.512 [main] DEBUG org.springframework.core.io.support.PathMatchingResourcePatternResolver - Resolved location pattern [classpath*:com/pilaf/*.class] to resources []
19:04:19.513 [main] DEBUG org.springframework.core.io.support.PathMatchingResourcePatternResolver - Resolved classpath location [com/] to resources [URL [file:/C:/Users/filip/castleSiegeFront/CSUsers/target/test-classes/com/], URL [file:/C:/Users/filip/castleSiegeFront/CSUsers/target/classes/com/], URL [jar:file:/C:/Users/filip/.m2/repository/com/fasterxml/classmate/1.3.3/classmate-1.3.3.jar!/com/], URL [jar:file:/C:/Users/filip/.m2/repository/com/jayway/jsonpath/json-path/2.2.0/json-path-2.2.0.jar!/com/], URL [jar:file:/C:/Users/filip/.m2/repository/com/fasterxml/jackson/core/jackson-core/2.8.9/jackson-core-2.8.9.jar!/com/], URL [jar:file:/C:/Users/filip/.m2/repository/com/fasterxml/jackson/core/jackson-databind/2.8.9/jackson-databind-2.8.9.jar!/com/], URL [jar:file:/C:/Users/filip/.m2/repository/com/fasterxml/jackson/core/jackson-annotations/2.8.0/jackson-annotations-2.8.0.jar!/com/], URL [jar:file:/C:/Users/filip/.m2/repository/com/google/guava/guava/18.0/guava-18.0.jar!/com/], URL [jar:file:/C:/Users/filip/.m2/repository/com/netflix/eureka/eureka-client/1.6.2/eureka-client-1.6.2.jar!/com/], URL [jar:file:/C:/Users/filip/.m2/repository/com/netflix/netflix-commons/netflix-eventbus/0.3.0/netflix-eventbus-0.3.0.jar!/com/], URL [jar:file:/C:/Users/filip/.m2/repository/com/netflix/netflix-commons/netflix-infix/0.3.0/netflix-infix-0.3.0.jar!/com/], URL [jar:file:/C:/Users/filip/.m2/repository/com/google/code/gson/gson/2.8.1/gson-2.8.1.jar!/com/], URL [jar:file:/C:/Users/filip/.m2/repository/com/netflix/archaius/archaius-core/0.7.4/archaius-core-0.7.4.jar!/com/], URL [jar:file:/C:/Users/filip/.m2/repository/com/netflix/servo/servo-core/0.10.1/servo-core-0.10.1.jar!/com/], URL [jar:file:/C:/Users/filip/.m2/repository/com/netflix/servo/servo-internal/0.10.1/servo-internal-0.10.1.jar!/com/], URL [jar:file:/C:/Users/filip/.m2/repository/com/sun/jersey/jersey-core/1.19.1/jersey-core-1.19.1.jar!/com/], URL [jar:file:/C:/Users/filip/.m2/repository/com/sun/jersey/jersey-client/1.19.1/jersey-client-1.19.1.jar!/com/], URL [jar:file:/C:/Users/filip/.m2/repository/com/sun/jersey/contribs/jersey-apache-client4/1.19.1/jersey-apache-client4-1.19.1.jar!/com/], URL [jar:file:/C:/Users/filip/.m2/repository/com/google/inject/guice/4.1.0/guice-4.1.0.jar!/com/], URL [jar:file:/C:/Users/filip/.m2/repository/com/netflix/eureka/eureka-core/1.6.2/eureka-core-1.6.2.jar!/com/], URL [jar:file:/C:/Users/filip/.m2/repository/org/codehaus/woodstox/woodstox-core-asl/4.4.1/woodstox-core-asl-4.4.1.jar!/com/], URL [jar:file:/C:/Users/filip/.m2/repository/com/netflix/ribbon/ribbon/2.2.2/ribbon-2.2.2.jar!/com/], URL [jar:file:/C:/Users/filip/.m2/repository/com/netflix/ribbon/ribbon-transport/2.2.2/ribbon-transport-2.2.2.jar!/com/], URL [jar:file:/C:/Users/filip/.m2/repository/io/reactivex/rxnetty-contexts/0.4.9/rxnetty-contexts-0.4.9.jar!/com/], URL [jar:file:/C:/Users/filip/.m2/repository/com/netflix/ribbon/ribbon-core/2.2.2/ribbon-core-2.2.2.jar!/com/], URL [jar:file:/C:/Users/filip/.m2/repository/com/netflix/ribbon/ribbon-httpclient/2.2.2/ribbon-httpclient-2.2.2.jar!/com/], URL [jar:file:/C:/Users/filip/.m2/repository/com/netflix/netflix-commons/netflix-commons-util/0.1.1/netflix-commons-util-0.1.1.jar!/com/], URL [jar:file:/C:/Users/filip/.m2/repository/com/netflix/ribbon/ribbon-loadbalancer/2.2.2/ribbon-loadbalancer-2.2.2.jar!/com/], URL [jar:file:/C:/Users/filip/.m2/repository/com/netflix/netflix-commons/netflix-statistics/0.1.1/netflix-statistics-0.1.1.jar!/com/], URL [jar:file:/C:/Users/filip/.m2/repository/com/netflix/ribbon/ribbon-eureka/2.2.2/ribbon-eureka-2.2.2.jar!/com/], URL [jar:file:/C:/Users/filip/.m2/repository/com/thoughtworks/xstream/xstream/1.4.9/xstream-1.4.9.jar!/com/], URL [jar:file:/C:/Users/filip/.m2/repository/com/netflix/hystrix/hystrix-core/1.5.12/hystrix-core-1.5.12.jar!/com/]]
19:04:19.514 [main] DEBUG org.springframework.core.io.support.PathMatchingResourcePatternResolver - Looking for matching resources in directory tree [C:\Users\filip\castleSiegeFront\CSUsers\target\test-classes\com]
19:04:19.514 [main] DEBUG org.springframework.core.io.support.PathMatchingResourcePatternResolver - Searching directory [C:\Users\filip\castleSiegeFront\CSUsers\target\test-classes\com] for files matching pattern [C:/Users/filip/castleSiegeFront/CSUsers/target/test-classes/com/*.class]
19:04:19.514 [main] DEBUG org.springframework.core.io.support.PathMatchingResourcePatternResolver - Looking for matching resources in directory tree [C:\Users\filip\castleSiegeFront\CSUsers\target\classes\com]
19:04:19.515 [main] DEBUG org.springframework.core.io.support.PathMatchingResourcePatternResolver - Searching directory [C:\Users\filip\castleSiegeFront\CSUsers\target\classes\com] for files matching pattern [C:/Users/filip/castleSiegeFront/CSUsers/target/classes/com/*.class]
19:04:19.515 [main] DEBUG org.springframework.core.io.support.PathMatchingResourcePatternResolver - Looking for matching resources in jar file [file:/C:/Users/filip/.m2/repository/com/fasterxml/classmate/1.3.3/classmate-1.3.3.jar]
19:04:19.516 [main] DEBUG org.springframework.core.io.support.PathMatchingResourcePatternResolver - Looking for matching resources in jar file [file:/C:/Users/filip/.m2/repository/com/jayway/jsonpath/json-path/2.2.0/json-path-2.2.0.jar]
19:04:19.517 [main] DEBUG org.springframework.core.io.support.PathMatchingResourcePatternResolver - Looking for matching resources in jar file [file:/C:/Users/filip/.m2/repository/com/fasterxml/jackson/core/jackson-core/2.8.9/jackson-core-2.8.9.jar]
19:04:19.517 [main] DEBUG org.springframework.core.io.support.PathMatchingResourcePatternResolver - Looking for matching resources in jar file [file:/C:/Users/filip/.m2/repository/com/fasterxml/jackson/core/jackson-databind/2.8.9/jackson-databind-2.8.9.jar]
19:04:19.520 [main] DEBUG org.springframework.core.io.support.PathMatchingResourcePatternResolver - Looking for matching resources in jar file [file:/C:/Users/filip/.m2/repository/com/fasterxml/jackson/core/jackson-annotations/2.8.0/jackson-annotations-2.8.0.jar]
19:04:19.521 [main] DEBUG org.springframework.core.io.support.PathMatchingResourcePatternResolver - Looking for matching resources in jar file [file:/C:/Users/filip/.m2/repository/com/google/guava/guava/18.0/guava-18.0.jar]
19:04:19.533 [main] DEBUG org.springframework.core.io.support.PathMatchingResourcePatternResolver - Looking for matching resources in jar file [file:/C:/Users/filip/.m2/repository/com/netflix/eureka/eureka-client/1.6.2/eureka-client-1.6.2.jar]
19:04:19.535 [main] DEBUG org.springframework.core.io.support.PathMatchingResourcePatternResolver - Looking for matching resources in jar file [file:/C:/Users/filip/.m2/repository/com/netflix/netflix-commons/netflix-eventbus/0.3.0/netflix-eventbus-0.3.0.jar]
19:04:19.535 [main] DEBUG org.springframework.core.io.support.PathMatchingResourcePatternResolver - Looking for matching resources in jar file [file:/C:/Users/filip/.m2/repository/com/netflix/netflix-commons/netflix-infix/0.3.0/netflix-infix-0.3.0.jar]
19:04:19.536 [main] DEBUG org.springframework.core.io.support.PathMatchingResourcePatternResolver - Looking for matching resources in jar file [file:/C:/Users/filip/.m2/repository/com/google/code/gson/gson/2.8.1/gson-2.8.1.jar]
19:04:19.537 [main] DEBUG org.springframework.core.io.support.PathMatchingResourcePatternResolver - Looking for matching resources in jar file [file:/C:/Users/filip/.m2/repository/com/netflix/archaius/archaius-core/0.7.4/archaius-core-0.7.4.jar]
19:04:19.538 [main] DEBUG org.springframework.core.io.support.PathMatchingResourcePatternResolver - Looking for matching resources in jar file [file:/C:/Users/filip/.m2/repository/com/netflix/servo/servo-core/0.10.1/servo-core-0.10.1.jar]
19:04:19.539 [main] DEBUG org.springframework.core.io.support.PathMatchingResourcePatternResolver - Looking for matching resources in jar file [file:/C:/Users/filip/.m2/repository/com/netflix/servo/servo-internal/0.10.1/servo-internal-0.10.1.jar]
19:04:19.540 [main] DEBUG org.springframework.core.io.support.PathMatchingResourcePatternResolver - Looking for matching resources in jar file [file:/C:/Users/filip/.m2/repository/com/sun/jersey/jersey-core/1.19.1/jersey-core-1.19.1.jar]
19:04:19.541 [main] DEBUG org.springframework.core.io.support.PathMatchingResourcePatternResolver - Looking for matching resources in jar file [file:/C:/Users/filip/.m2/repository/com/sun/jersey/jersey-client/1.19.1/jersey-client-1.19.1.jar]
19:04:19.542 [main] DEBUG org.springframework.core.io.support.PathMatchingResourcePatternResolver - Looking for matching resources in jar file [file:/C:/Users/filip/.m2/repository/com/sun/jersey/contribs/jersey-apache-client4/1.19.1/jersey-apache-client4-1.19.1.jar]
19:04:19.542 [main] DEBUG org.springframework.core.io.support.PathMatchingResourcePatternResolver - Looking for matching resources in jar file [file:/C:/Users/filip/.m2/repository/com/google/inject/guice/4.1.0/guice-4.1.0.jar]
19:04:19.545 [main] DEBUG org.springframework.core.io.support.PathMatchingResourcePatternResolver - Looking for matching resources in jar file [file:/C:/Users/filip/.m2/repository/com/netflix/eureka/eureka-core/1.6.2/eureka-core-1.6.2.jar]
19:04:19.546 [main] DEBUG org.springframework.core.io.support.PathMatchingResourcePatternResolver - Looking for matching resources in jar file [file:/C:/Users/filip/.m2/repository/org/codehaus/woodstox/woodstox-core-asl/4.4.1/woodstox-core-asl-4.4.1.jar]
19:04:19.547 [main] DEBUG org.springframework.core.io.support.PathMatchingResourcePatternResolver - Looking for matching resources in jar file [file:/C:/Users/filip/.m2/repository/com/netflix/ribbon/ribbon/2.2.2/ribbon-2.2.2.jar]
19:04:19.547 [main] DEBUG org.springframework.core.io.support.PathMatchingResourcePatternResolver - Looking for matching resources in jar file [file:/C:/Users/filip/.m2/repository/com/netflix/ribbon/ribbon-transport/2.2.2/ribbon-transport-2.2.2.jar]
19:04:19.548 [main] DEBUG org.springframework.core.io.support.PathMatchingResourcePatternResolver - Looking for matching resources in jar file [file:/C:/Users/filip/.m2/repository/io/reactivex/rxnetty-contexts/0.4.9/rxnetty-contexts-0.4.9.jar]
19:04:19.548 [main] DEBUG org.springframework.core.io.support.PathMatchingResourcePatternResolver - Looking for matching resources in jar file [file:/C:/Users/filip/.m2/repository/com/netflix/ribbon/ribbon-core/2.2.2/ribbon-core-2.2.2.jar]
19:04:19.549 [main] DEBUG org.springframework.core.io.support.PathMatchingResourcePatternResolver - Looking for matching resources in jar file [file:/C:/Users/filip/.m2/repository/com/netflix/ribbon/ribbon-httpclient/2.2.2/ribbon-httpclient-2.2.2.jar]
19:04:19.550 [main] DEBUG org.springframework.core.io.support.PathMatchingResourcePatternResolver - Looking for matching resources in jar file [file:/C:/Users/filip/.m2/repository/com/netflix/netflix-commons/netflix-commons-util/0.1.1/netflix-commons-util-0.1.1.jar]
19:04:19.550 [main] DEBUG org.springframework.core.io.support.PathMatchingResourcePatternResolver - Looking for matching resources in jar file [file:/C:/Users/filip/.m2/repository/com/netflix/ribbon/ribbon-loadbalancer/2.2.2/ribbon-loadbalancer-2.2.2.jar]
19:04:19.551 [main] DEBUG org.springframework.core.io.support.PathMatchingResourcePatternResolver - Looking for matching resources in jar file [file:/C:/Users/filip/.m2/repository/com/netflix/netflix-commons/netflix-statistics/0.1.1/netflix-statistics-0.1.1.jar]
19:04:19.551 [main] DEBUG org.springframework.core.io.support.PathMatchingResourcePatternResolver - Looking for matching resources in jar file [file:/C:/Users/filip/.m2/repository/com/netflix/ribbon/ribbon-eureka/2.2.2/ribbon-eureka-2.2.2.jar]
19:04:19.552 [main] DEBUG org.springframework.core.io.support.PathMatchingResourcePatternResolver - Looking for matching resources in jar file [file:/C:/Users/filip/.m2/repository/com/thoughtworks/xstream/xstream/1.4.9/xstream-1.4.9.jar]
19:04:19.554 [main] DEBUG org.springframework.core.io.support.PathMatchingResourcePatternResolver - Looking for matching resources in jar file [file:/C:/Users/filip/.m2/repository/com/netflix/hystrix/hystrix-core/1.5.12/hystrix-core-1.5.12.jar]
19:04:19.555 [main] DEBUG org.springframework.core.io.support.PathMatchingResourcePatternResolver - Resolved location pattern [classpath*:com/*.class] to resources []
]]></system-out>
  </testcase>
</testsuite>